0 info it worked if it ends with ok
1 verbose cli [ '/vol/atlas/homes/yz4009/bin/nodejs/bin/node',
1 verbose cli   '/homes/yz4009/wd/bin/npm',
1 verbose cli   'start' ]
2 info using npm@3.7.3
3 info using node@v5.8.0
4 verbose stack Error: ENOENT: no such file or directory, open '/vol/atlas/homes/yz4009/gitdev/InfrustrucuresShare/package.json'
4 verbose stack     at Error (native)
5 verbose cwd /vol/atlas/homes/yz4009/gitdev/InfrustrucuresShare/client
6 error Linux 3.13.0-100-generic
7 error argv "/vol/atlas/homes/yz4009/bin/nodejs/bin/node" "/homes/yz4009/wd/bin/npm" "start"
8 error node v5.8.0
9 error npm  v3.7.3
10 error path /vol/atlas/homes/yz4009/gitdev/InfrustrucuresShare/package.json
11 error code ENOENT
12 error errno -2
13 error syscall open
14 error enoent ENOENT: no such file or directory, open '/vol/atlas/homes/yz4009/gitdev/InfrustrucuresShare/package.json'
15 error enoent ENOENT: no such file or directory, open '/vol/atlas/homes/yz4009/gitdev/InfrustrucuresShare/package.json'
15 error enoent This is most likely not a problem with npm itself
15 error enoent and is related to npm not being able to find a file.
16 verbose exit [ -2, true ]
